<?xml version="1.0" encoding="UTF-8"?>
<!-- Generated by org.testng.reporters.JUnitXMLReporter -->
<testsuite ignored="0" hostname="LAPTOP-C2Q8BJ3N" failures="0" tests="2" name="Surefire test" time="6.412" errors="0" timestamp="2025-12-31T17:26:13 IST">
  <testcase classname="com.project.api.tests.ReqresApiTest" name="testRegisterAndGenerateToken" time="5.124"/>
  <testcase classname="com.project.api.tests.ReqresApiTest" name="testGetUserWithToken" time="0.638"/>
</testsuite> <!-- Surefire test -->
