<?xml version="1.0" encoding="UTF-8"?>
<testng-results ignored="0" total="2" passed="2" failed="0" skipped="0">
  <reporter-output>
  </reporter-output>
  <suite started-at="2025-12-31T17:26:06 IST" name="Surefire suite" finished-at="2025-12-31T17:26:13 IST" duration-ms="6412">
    <groups>
    </groups>
    <test started-at="2025-12-31T17:26:06 IST" name="Surefire test" finished-at="2025-12-31T17:26:13 IST" duration-ms="6412">
      <class name="com.project.api.tests.ReqresApiTest">
        <test-method is-config="true" signature="setupApi()[pri:0, instance:com.project.api.tests.ReqresApiTest@5e316c74]" started-at="2025-12-31T17:26:06 IST" name="setupApi" finished-at="2025-12-31T17:26:07 IST" duration-ms="596" status="PASS">
          <reporter-output>
          </reporter-output>
        </test-method> <!-- setupApi -->
        <test-method signature="testRegisterAndGenerateToken()[pri:1, instance:com.project.api.tests.ReqresApiTest@5e316c74]" started-at="2025-12-31T17:26:07 IST" name="testRegisterAndGenerateToken" finished-at="2025-12-31T17:26:12 IST" duration-ms="5124" status="PASS">
          <reporter-output>
          </reporter-output>
        </test-method> <!-- testRegisterAndGenerateToken -->
        <test-method signature="testGetUserWithToken()[pri:2, instance:com.project.api.tests.ReqresApiTest@5e316c74]" started-at="2025-12-31T17:26:12 IST" name="testGetUserWithToken" finished-at="2025-12-31T17:26:13 IST" depends-on-methods="com.project.api.tests.ReqresApiTest.testRegisterAndGenerateToken" duration-ms="638" status="PASS">
          <reporter-output>
          </reporter-output>
        </test-method> <!-- testGetUserWithToken -->
      </class> <!-- com.project.api.tests.ReqresApiTest -->
    </test> <!-- Surefire test -->
  </suite> <!-- Surefire suite -->
</testng-results>
