<?xml version="1.0" encoding="UTF-8"?>
<testng-results ignored="0" total="1" passed="1" failed="0" skipped="0">
  <reporter-output>
  </reporter-output>
  <suite started-at="2025-12-31T16:36:09 IST" name="Default suite" finished-at="2025-12-31T16:36:32 IST" duration-ms="22869">
    <groups>
    </groups>
    <test started-at="2025-12-31T16:36:09 IST" name="Default test" finished-at="2025-12-31T16:36:32 IST" duration-ms="22869">
      <class name="com.project.ui.tests.UI_EndToEnd_Test">
        <test-method is-config="true" signature="setUp()[pri:0, instance:com.project.ui.tests.UI_EndToEnd_Test@4d5d943d]" started-at="2025-12-31T16:36:09 IST" name="setUp" finished-at="2025-12-31T16:36:29 IST" duration-ms="19280" status="PASS">
          <reporter-output>
          </reporter-output>
        </test-method> <!-- setUp -->
        <test-method signature="verifyUserJorneyfromLoginToCheckout()[pri:0, instance:com.project.ui.tests.UI_EndToEnd_Test@4d5d943d]" started-at="2025-12-31T16:36:29 IST" name="verifyUserJorneyfromLoginToCheckout" finished-at="2025-12-31T16:36:32 IST" duration-ms="3179" status="PASS">
          <reporter-output>
          </reporter-output>
        </test-method> <!-- verifyUserJorneyfromLoginToCheckout -->
        <test-method is-config="true" signature="tearDown()[pri:0, instance:com.project.ui.tests.UI_EndToEnd_Test@4d5d943d]" started-at="2025-12-31T16:36:32 IST" name="tearDown" finished-at="2025-12-31T16:36:32 IST" duration-ms="343" status="PASS">
          <reporter-output>
          </reporter-output>
        </test-method> <!-- tearDown -->
      </class> <!-- com.project.ui.tests.UI_EndToEnd_Test -->
    </test> <!-- Default test -->
  </suite> <!-- Default suite -->
</testng-results>
