<?xml version="1.0" encoding="UTF-8"?>
<!-- Generated by org.testng.reporters.JUnitReportReporter -->
<testsuite hostname="LAPTOP-C2Q8BJ3N" failures="0" tests="2" name="com.project.api.tests.ReqresApiTest" time="6.501" errors="0" timestamp="2025-12-31T16:35:40 IST" skipped="0">
  <testcase classname="com.project.api.tests.ReqresApiTest" name="testRegisterAndGenerateToken" time="5.689"/>
  <testcase classname="com.project.api.tests.ReqresApiTest" name="testGetUserWithToken" time="0.812"/>
</testsuite> <!-- com.project.api.tests.ReqresApiTest -->
