<?xml version="1.0" encoding="UTF-8"?>
<!-- Generated by org.testng.reporters.JUnitReportReporter -->
<testsuite hostname="LAPTOP-C2Q8BJ3N" failures="0" tests="2" name="com.project.api.tests.ReqresApiTest" time="5.762" errors="0" timestamp="2025-12-31T17:26:13 IST" skipped="0">
  <testcase classname="com.project.api.tests.ReqresApiTest" name="testRegisterAndGenerateToken" time="5.124"/>
  <testcase classname="com.project.api.tests.ReqresApiTest" name="testGetUserWithToken" time="0.638"/>
</testsuite> <!-- com.project.api.tests.ReqresApiTest -->
